<?xml version="1.0" encoding="UTF-8"?>
<!-- Generated by org.testng.reporters.JUnitReportReporter -->
<testsuite hostname="DESKTOP-109L03E" failures="0" tests="2" name="DataProvider.ActitimeLoginTest" time="45.937" errors="0" timestamp="2023-08-08T09:45:13 IST" skipped="0">
  <testcase classname="DataProvider.ActitimeLoginTest" name="actitmeLogin" time="24.653"/>
  <testcase classname="DataProvider.ActitimeLoginTest" name="actitmeLogin" time="21.284"/>
</testsuite> <!-- DataProvider.ActitimeLoginTest -->
