<?xml version="1.0" encoding="UTF-8"?>
<!-- Generated by org.testng.reporters.JUnitReportReporter -->
<testsuite hostname="DESKTOP-109L03E" failures="0" tests="2" name="BatchExecution.Test4" time="0.027" errors="0" timestamp="2023-08-21T12:11:37 IST" skipped="0">
  <testcase classname="BatchExecution.Test4" name="demo2" time="0.006"/>
  <testcase classname="BatchExecution.Test4" name="demo1" time="0.021"/>
</testsuite> <!-- BatchExecution.Test4 -->
