<?xml version="1.0" encoding="UTF-8"?>
<!-- Generated by org.testng.reporters.JUnitReportReporter -->
<testsuite hostname="DESKTOP-109L03E" failures="0" tests="2" name="DataProvider.DependsOnMethodsTest" time="79.983" errors="0" timestamp="2023-08-09T08:35:37 IST" skipped="0">
  <testcase classname="DataProvider.DependsOnMethodsTest" name="navigateToActitime" time="16.120"/>
  <testcase classname="DataProvider.DependsOnMethodsTest" name="loginToActitime" time="63.863"/>
</testsuite> <!-- DataProvider.DependsOnMethodsTest -->
