<?xml version="1.0" encoding="UTF-8"?>
<!-- Generated by org.testng.reporters.JUnitReportReporter -->
<testsuite hostname="DESKTOP-109L03E" failures="0" tests="2" name="GroupExecution.Test2" time="0.019" errors="0" timestamp="2023-08-10T09:44:29 IST" skipped="0">
  <testcase classname="GroupExecution.Test2" name="demo3" time="0.015"/>
  <testcase classname="GroupExecution.Test2" name="demo2" time="0.004"/>
</testsuite> <!-- GroupExecution.Test2 -->
