<?xml version="1.0" encoding="UTF-8"?>
<!-- Generated by org.testng.reporters.JUnitReportReporter -->
<testsuite hostname="DESKTOP-109L03E" failures="0" tests="1" name="Assertions.WhyNotIfElse" time="0.019" errors="0" timestamp="2023-08-16T08:55:19 IST" skipped="0">
  <testcase classname="Assertions.WhyNotIfElse" name="demo" time="0.019"/>
</testsuite> <!-- Assertions.WhyNotIfElse -->
