<?xml version="1.0" encoding="UTF-8"?>
<!-- Generated by org.testng.reporters.JUnitReportReporter -->
<testsuite hostname="DESKTOP-109L03E" failures="0" tests="1" name="GroupExecution.Test3" time="0.023" errors="0" timestamp="2023-08-10T09:44:29 IST" skipped="0">
  <testcase classname="GroupExecution.Test3" name="demo2" time="0.023"/>
</testsuite> <!-- GroupExecution.Test3 -->
