<?xml version="1.0" encoding="UTF-8"?>
<!-- Generated by org.testng.reporters.JUnitReportReporter -->
<testsuite hostname="DESKTOP-109L03E" failures="0" tests="1" name="ListenerTestNG.TestClass" time="0.024" errors="0" timestamp="2023-08-17T09:46:52 IST" skipped="0">
  <testcase classname="ListenerTestNG.TestClass" name="testMethod1" time="0.024"/>
</testsuite> <!-- ListenerTestNG.TestClass -->
