<?xml version="1.0" encoding="UTF-8"?>
<!-- Generated by org.testng.reporters.JUnitReportReporter -->
<testsuite hostname="DESKTOP-109L03E" failures="0" tests="6" name="TestNG.InvocationCountTest" time="0.049" errors="0" timestamp="2023-08-07T10:07:08 IST" skipped="0">
  <testcase classname="TestNG.InvocationCountTest" name="demo2" time="0.019">
    <system-out>
      <![CDATA[demo2]]>
    </system-out>
  </testcase> <!-- demo2 -->
  <testcase classname="TestNG.InvocationCountTest" name="demo1" time="0.005">
    <system-out>
      <![CDATA[demo1]]>
    </system-out>
  </testcase> <!-- demo1 -->
  <testcase classname="TestNG.InvocationCountTest" name="demo5" time="0.009">
    <system-out>
      <![CDATA[demo5]]>
    </system-out>
  </testcase> <!-- demo5 -->
  <testcase classname="TestNG.InvocationCountTest" name="demo1" time="0.009">
    <system-out>
      <![CDATA[demo1]]>
    </system-out>
  </testcase> <!-- demo1 -->
  <testcase classname="TestNG.InvocationCountTest" name="demo4" time="0.003">
    <system-out>
      <![CDATA[demo4]]>
    </system-out>
  </testcase> <!-- demo4 -->
  <testcase classname="TestNG.InvocationCountTest" name="demo6" time="0.004">
    <system-out>
      <![CDATA[demo6]]>
    </system-out>
  </testcase> <!-- demo6 -->
  <system-out>
    <![CDATA[demo2
demo1
demo1
demo4
demo5
demo6]]>
  </system-out>
</testsuite> <!-- TestNG.InvocationCountTest -->
