<?xml version="1.0" encoding="UTF-8"?>
<!-- Generated by org.testng.reporters.JUnitReportReporter -->
<testsuite hostname="DESKTOP-109L03E" failures="0" tests="1" name="TestNG.XMLParameterization" time="11.026" errors="0" timestamp="2023-08-11T10:09:26 IST" skipped="0">
  <testcase classname="TestNG.XMLParameterization" name="vtigerLoginTest" time="11.026"/>
</testsuite> <!-- TestNG.XMLParameterization -->
