<?xml version="1.0" encoding="UTF-8"?>
<!-- Generated by org.testng.reporters.JUnitReportReporter -->
<testsuite hostname="DESKTOP-109L03E" failures="0" tests="2" name="BatchExecution.Test2" time="0.014" errors="0" timestamp="2023-08-21T12:11:37 IST" skipped="0">
  <testcase classname="BatchExecution.Test2" name="demo1" time="0.003"/>
  <testcase classname="BatchExecution.Test2" name="demo2" time="0.011"/>
</testsuite> <!-- BatchExecution.Test2 -->
