<?xml version="1.0" encoding="UTF-8"?>
<!-- Generated by org.testng.reporters.JUnitReportReporter -->
<testsuite hostname="DESKTOP-109L03E" failures="0" tests="2" name="BatchExecution.Test1" time="0.010" errors="0" timestamp="2023-08-21T12:11:37 IST" skipped="0">
  <testcase classname="BatchExecution.Test1" name="demo1" time="0.005"/>
  <testcase classname="BatchExecution.Test1" name="demo2" time="0.005"/>
</testsuite> <!-- BatchExecution.Test1 -->
