<?xml version="1.0" encoding="UTF-8"?>
<!-- Generated by org.testng.reporters.JUnitReportReporter -->
<testsuite hostname="DESKTOP-109L03E" failures="0" tests="1" name="Annotations.TestClass" time="0.021" errors="0" timestamp="2023-08-09T09:58:37 IST" skipped="0">
  <testcase classname="Annotations.TestClass" name="test" time="0.021"/>
</testsuite> <!-- Annotations.TestClass -->
