<?xml version="1.0" encoding="UTF-8"?>
<!-- Generated by org.testng.reporters.JUnitReportReporter -->
<testsuite hostname="DESKTOP-109L03E" failures="0" tests="1" name="Assertions.SoftAssertion" time="0.044" errors="0" timestamp="2023-08-16T09:01:17 IST" skipped="0">
  <testcase classname="Assertions.SoftAssertion" name="demo" time="0.044"/>
</testsuite> <!-- Assertions.SoftAssertion -->
